<?xml version="1.0" encoding="UTF-8"?>
<!-- Generated by org.testng.reporters.JUnitXMLReporter -->
<testsuite hostname="I-107140.local" name="TestNGTestcase" tests="3" failures="0" timestamp="28 Jul 2015 10:54:42 GMT" time="19.155" errors="0">
  <testcase name="f" time="3.078" classname="testng.Morethan1testcase"/>
  <testcase name="testcase1" time="4.636" classname="testng.Singletestcase"/>
  <testcase name="testcase2" time="3.601" classname="testng.Singletestcase"/>
</testsuite> <!-- TestNGTestcase -->
